<?xml version="1.0" encoding="UTF-8"?>
<robot generator="Robot 4.1 (Python 3.9.6 on win32)" generated="20210817 12:13:24.706" rpa="false" schemaversion="2">
<suite id="s1" name="Login" source="C:\GitRobot\RepositionWebRobotFrameWork\test\features\login.robot">
<test id="s1-t1" name="Cenario: Login com sucesso">
<kw name="Dado que o cliente esteja na tela inicial da aplicação" library="home_kws">
<kw name="Abrir sessão" library="setup">
<kw name="Open Browser" library="SeleniumLibrary">
<arg>http://automationpractice.com/index.php</arg>
<arg>${Browser.Browser}</arg>
<doc>Opens a new browser instance to the optional ``url``.</doc>
<msg timestamp="20210817 12:13:24.917" level="INFO">Opening browser 'chrome' to base url 'http://automationpractice.com/index.php'.</msg>
<status status="PASS" starttime="20210817 12:13:24.916" endtime="20210817 12:13:34.219"/>
</kw>
<kw name="Set Selenium Timeout" library="SeleniumLibrary">
<arg>60</arg>
<doc>Sets the timeout that is used by various keywords.</doc>
<status status="PASS" starttime="20210817 12:13:34.219" endtime="20210817 12:13:34.221"/>
</kw>
<kw name="Maximize Browser Window" library="SeleniumLibrary">
<doc>Maximizes current browser window.</doc>
<status status="PASS" starttime="20210817 12:13:34.221" endtime="20210817 12:13:34.344"/>
</kw>
<status status="PASS" starttime="20210817 12:13:24.916" endtime="20210817 12:13:34.344"/>
</kw>
<kw name="Wait Until Element Is Visible" library="SeleniumLibrary">
<arg>${HOME.BOTAO_SIGNIN}</arg>
<doc>Waits until the element ``locator`` is visible.</doc>
<status status="PASS" starttime="20210817 12:13:34.344" endtime="20210817 12:13:34.396"/>
</kw>
<status status="PASS" starttime="20210817 12:13:24.916" endtime="20210817 12:13:34.396"/>
</kw>
<kw name="E acessar a tela de Login" library="home_kws">
<kw name="Wait Until Element Is Visible" library="SeleniumLibrary">
<arg>${HOME.BOTAO_SIGNIN}</arg>
<doc>Waits until the element ``locator`` is visible.</doc>
<status status="PASS" starttime="20210817 12:13:34.398" endtime="20210817 12:13:34.451"/>
</kw>
<kw name="Click Element" library="SeleniumLibrary">
<arg>${HOME.BOTAO_SIGNIN}</arg>
<doc>Click the element identified by ``locator``.</doc>
<msg timestamp="20210817 12:13:34.453" level="INFO">Clicking element 'xpath=//a[@class='login']'.</msg>
<status status="PASS" starttime="20210817 12:13:34.451" endtime="20210817 12:13:41.262"/>
</kw>
<status status="PASS" starttime="20210817 12:13:34.397" endtime="20210817 12:13:41.263"/>
</kw>
<kw name="Quando realizar login com sucesso" library="login_kws">
<kw name="Wait Until Element Is Visible" library="SeleniumLibrary">
<arg>${LOGIN.INPUT_EMAIL}</arg>
<doc>Waits until the element ``locator`` is visible.</doc>
<status status="PASS" starttime="20210817 12:13:41.264" endtime="20210817 12:13:41.999"/>
</kw>
<kw name="Input Text" library="SeleniumLibrary">
<arg>${LOGIN.INPUT_EMAIL}</arg>
<arg>${DADOSACESSO.LOGIN}</arg>
<doc>Types the given ``text`` into the text field identified by ``locator``.</doc>
<msg timestamp="20210817 12:13:42.001" level="INFO">Typing text 'rasafa9934@ovooovo.com' into text field '//input[@id='email']'.</msg>
<status status="PASS" starttime="20210817 12:13:42.000" endtime="20210817 12:13:42.094"/>
</kw>
<kw name="Input Text" library="SeleniumLibrary">
<arg>${LOGIN.INPUT_SENHA}</arg>
<arg>${DADOSACESSO.SENHA}</arg>
<doc>Types the given ``text`` into the text field identified by ``locator``.</doc>
<msg timestamp="20210817 12:13:42.097" level="INFO">Typing text 'Teste@123' into text field '//input[@id='passwd']'.</msg>
<status status="PASS" starttime="20210817 12:13:42.095" endtime="20210817 12:13:42.196"/>
</kw>
<kw name="Click Element" library="SeleniumLibrary">
<arg>${LOGIN.BOTAO_SIGNIN}</arg>
<doc>Click the element identified by ``locator``.</doc>
<msg timestamp="20210817 12:13:42.197" level="INFO">Clicking element 'SubmitLogin'.</msg>
<status status="PASS" starttime="20210817 12:13:42.197" endtime="20210817 12:13:50.881"/>
</kw>
<status status="PASS" starttime="20210817 12:13:41.263" endtime="20210817 12:13:50.881"/>
</kw>
<kw name="Então deve visualizae a tela My Account" library="minhaconta_kws">
<kw name="Wait Until Element Is Visible" library="SeleniumLibrary">
<arg>${MINHA_CONTA.TITULO}</arg>
<doc>Waits until the element ``locator`` is visible.</doc>
<status status="PASS" starttime="20210817 12:13:50.884" endtime="20210817 12:13:50.909"/>
</kw>
<kw name="Get Text" library="SeleniumLibrary">
<var>${TITULO_ATUAL}</var>
<arg>${MINHA_CONTA.TITULO}</arg>
<doc>Returns the text value of the element identified by ``locator``.</doc>
<msg timestamp="20210817 12:13:50.927" level="INFO">${TITULO_ATUAL} = MY ACCOUNT</msg>
<status status="PASS" starttime="20210817 12:13:50.909" endtime="20210817 12:13:50.927"/>
</kw>
<kw name="Should Be Equal" library="BuiltIn">
<arg>${TITULO_ATUAL}</arg>
<arg>MY ACCOUNT</arg>
<arg>ignore_case=True</arg>
<doc>Fails if the given objects are unequal.</doc>
<status status="PASS" starttime="20210817 12:13:50.927" endtime="20210817 12:13:50.928"/>
</kw>
<status status="PASS" starttime="20210817 12:13:50.883" endtime="20210817 12:13:50.928"/>
</kw>
<kw name="Encerrar sessão" library="setup">
<kw name="Capture Page Screenshot" library="SeleniumLibrary">
<doc>Takes a screenshot of the current page and embeds it into a log file.</doc>
<msg timestamp="20210817 12:13:51.054" level="INFO" html="true">&lt;/td&gt;&lt;/tr&gt;&lt;tr&gt;&lt;td colspan="3"&gt;&lt;a href="selenium-screenshot-1.png"&gt;&lt;img src="selenium-screenshot-1.png" width="800px"&gt;&lt;/a&gt;</msg>
<status status="PASS" starttime="20210817 12:13:50.929" endtime="20210817 12:13:51.054"/>
</kw>
<kw name="Close Browser" library="SeleniumLibrary">
<doc>Closes the current browser.</doc>
<status status="PASS" starttime="20210817 12:13:51.054" endtime="20210817 12:13:53.164"/>
</kw>
<status status="PASS" starttime="20210817 12:13:50.928" endtime="20210817 12:13:53.165"/>
</kw>
<status status="PASS" starttime="20210817 12:13:24.915" endtime="20210817 12:13:53.166"/>
</test>
<doc>Cenários de testxxxxxxxxxes relacionados ao login da aplicação4566.</doc>
<status status="PASS" starttime="20210817 12:13:24.716" endtime="20210817 12:13:53.171"/>
</suite>
<statistics>
<total>
<stat pass="1" fail="0" skip="0">All Tests</stat>
</total>
<tag>
</tag>
<suite>
<stat pass="1" fail="0" skip="0" id="s1" name="Login">Login</stat>
</suite>
</statistics>
<errors>
</errors>
</robot>
