<?xml version="1.0" encoding="UTF-8"?>
<robot generator="Robot 4.1 (Python 3.9.6 on win32)" generated="20210817 19:34:37.637" rpa="false" schemaversion="2">
<suite id="s1" name="Login" source="C:\git\RepositionWebRobotFrameWork\test\features\login.robot">
<test id="s1-t1" name="Cenario: Login com sucesso">
<kw name="Abrir sessão" library="setup" type="SETUP">
<kw name="Open Browser" library="SeleniumLibrary">
<arg>http://automationpractice.com/index.php</arg>
<arg>${Browser.Browser}</arg>
<doc>Opens a new browser instance to the optional ``url``.</doc>
<msg timestamp="20210817 19:34:37.883" level="INFO">Opening browser 'chrome' to base url 'http://automationpractice.com/index.php'.</msg>
<status status="PASS" starttime="20210817 19:34:37.882" endtime="20210817 19:34:43.442"/>
</kw>
<kw name="Set Selenium Timeout" library="SeleniumLibrary">
<arg>60</arg>
<doc>Sets the timeout that is used by various keywords.</doc>
<status status="PASS" starttime="20210817 19:34:43.444" endtime="20210817 19:34:43.449"/>
</kw>
<kw name="Maximize Browser Window" library="SeleniumLibrary">
<doc>Maximizes current browser window.</doc>
<status status="PASS" starttime="20210817 19:34:43.450" endtime="20210817 19:34:43.627"/>
</kw>
<status status="PASS" starttime="20210817 19:34:37.881" endtime="20210817 19:34:43.627"/>
</kw>
<kw name="Dado que o cliente esteja na tela inicial da aplicação" library="home_kws">
<kw name="Wait Until Element Is Visible" library="SeleniumLibrary">
<arg>${HOME.BOTAO_SIGNIN}</arg>
<doc>Waits until the element ``locator`` is visible.</doc>
<status status="PASS" starttime="20210817 19:34:43.629" endtime="20210817 19:34:43.783"/>
</kw>
<status status="PASS" starttime="20210817 19:34:43.628" endtime="20210817 19:34:43.785"/>
</kw>
<kw name="E acessar a tela de Login" library="home_kws">
<kw name="Wait Until Element Is Visible" library="SeleniumLibrary">
<arg>${HOME.BOTAO_SIGNIN}</arg>
<doc>Waits until the element ``locator`` is visible.</doc>
<status status="PASS" starttime="20210817 19:34:43.786" endtime="20210817 19:34:43.837"/>
</kw>
<kw name="Click Element" library="SeleniumLibrary">
<arg>${HOME.BOTAO_SIGNIN}</arg>
<doc>Click the element identified by ``locator``.</doc>
<msg timestamp="20210817 19:34:43.839" level="INFO">Clicking element 'xpath=//a[@class='login']'.</msg>
<status status="PASS" starttime="20210817 19:34:43.837" endtime="20210817 19:34:45.469"/>
</kw>
<status status="PASS" starttime="20210817 19:34:43.786" endtime="20210817 19:34:45.469"/>
</kw>
<kw name="Quando realizar login com sucesso" library="login_kws">
<kw name="Wait Until Element Is Visible" library="SeleniumLibrary">
<arg>${LOGIN.INPUT_EMAIL}</arg>
<doc>Waits until the element ``locator`` is visible.</doc>
<status status="PASS" starttime="20210817 19:34:45.471" endtime="20210817 19:34:45.503"/>
</kw>
<kw name="Input Text" library="SeleniumLibrary">
<arg>${LOGIN.INPUT_EMAIL}</arg>
<arg>${DADOSACESSO.LOGIN}</arg>
<doc>Types the given ``text`` into the text field identified by ``locator``.</doc>
<msg timestamp="20210817 19:34:45.505" level="INFO">Typing text 'rasafa9934@ovooovo.com' into text field '//input[@id='email']'.</msg>
<status status="PASS" starttime="20210817 19:34:45.504" endtime="20210817 19:34:45.632"/>
</kw>
<kw name="Input Text" library="SeleniumLibrary">
<arg>${LOGIN.INPUT_SENHA}</arg>
<arg>${DADOSACESSO.SENHA}</arg>
<doc>Types the given ``text`` into the text field identified by ``locator``.</doc>
<msg timestamp="20210817 19:34:45.637" level="INFO">Typing text 'Teste@123' into text field '//input[@id='passwd']'.</msg>
<status status="PASS" starttime="20210817 19:34:45.634" endtime="20210817 19:34:45.754"/>
</kw>
<kw name="Click Element" library="SeleniumLibrary">
<arg>${LOGIN.BOTAO_SIGNIN}</arg>
<doc>Click the element identified by ``locator``.</doc>
<msg timestamp="20210817 19:34:45.754" level="INFO">Clicking element 'SubmitLogin'.</msg>
<status status="PASS" starttime="20210817 19:34:45.754" endtime="20210817 19:34:47.178"/>
</kw>
<status status="PASS" starttime="20210817 19:34:45.470" endtime="20210817 19:34:47.179"/>
</kw>
<kw name="Então deve visualizae a tela My Account" library="minhaconta_kws">
<kw name="Wait Until Element Is Visible" library="SeleniumLibrary">
<arg>${MINHA_CONTA.TITULO}</arg>
<doc>Waits until the element ``locator`` is visible.</doc>
<status status="PASS" starttime="20210817 19:34:47.181" endtime="20210817 19:34:47.220"/>
</kw>
<kw name="Get Text" library="SeleniumLibrary">
<var>${TITULO_ATUAL}</var>
<arg>${MINHA_CONTA.TITULO}</arg>
<doc>Returns the text value of the element identified by ``locator``.</doc>
<msg timestamp="20210817 19:34:47.246" level="INFO">${TITULO_ATUAL} = MY ACCOUNT</msg>
<status status="PASS" starttime="20210817 19:34:47.220" endtime="20210817 19:34:47.246"/>
</kw>
<kw name="Should Be Equal" library="BuiltIn">
<arg>${TITULO_ATUAL}</arg>
<arg>MY ACCOUNT</arg>
<arg>ignore_case=True</arg>
<doc>Fails if the given objects are unequal.</doc>
<status status="PASS" starttime="20210817 19:34:47.247" endtime="20210817 19:34:47.248"/>
</kw>
<status status="PASS" starttime="20210817 19:34:47.180" endtime="20210817 19:34:47.248"/>
</kw>
<kw name="Encerrar sessão" library="setup" type="TEARDOWN">
<kw name="Capture Page Screenshot" library="SeleniumLibrary">
<doc>Takes a screenshot of the current page and embeds it into a log file.</doc>
<msg timestamp="20210817 19:34:47.453" level="INFO" html="true">&lt;/td&gt;&lt;/tr&gt;&lt;tr&gt;&lt;td colspan="3"&gt;&lt;a href="selenium-screenshot-3.png"&gt;&lt;img src="selenium-screenshot-3.png" width="800px"&gt;&lt;/a&gt;</msg>
<status status="PASS" starttime="20210817 19:34:47.249" endtime="20210817 19:34:47.453"/>
</kw>
<kw name="Close Browser" library="SeleniumLibrary">
<doc>Closes the current browser.</doc>
<status status="PASS" starttime="20210817 19:34:47.454" endtime="20210817 19:34:49.761"/>
</kw>
<status status="PASS" starttime="20210817 19:34:47.249" endtime="20210817 19:34:49.762"/>
</kw>
<status status="PASS" starttime="20210817 19:34:37.878" endtime="20210817 19:34:49.763"/>
</test>
<doc>Cenários de testes relacionados ao login da aplicação.</doc>
<status status="PASS" starttime="20210817 19:34:37.638" endtime="20210817 19:34:49.765"/>
</suite>
<statistics>
<total>
<stat pass="1" fail="0" skip="0">All Tests</stat>
</total>
<tag>
</tag>
<suite>
<stat pass="1" fail="0" skip="0" id="s1" name="Login">Login</stat>
</suite>
</statistics>
<errors>
</errors>
</robot>
